e:\adhoc54646\adhoc_project\evalboards\microsoft\windows\os2\visual studio\debug\vc120.pdb
e:\adhoc54646\adhoc_project\evalboards\microsoft\windows\os2\visual studio\debug\vc120.idb
e:\adhoc54646\adhoc_project\evalboards\microsoft\windows\os2\visual studio\debug\os_sem.obj
e:\adhoc54646\adhoc_project\evalboards\microsoft\windows\os2\visual studio\debug\os_task.obj
e:\adhoc54646\adhoc_project\evalboards\microsoft\windows\os2\visual studio\debug\os_time.obj
e:\adhoc54646\adhoc_project\evalboards\microsoft\windows\os2\visual studio\debug\os_tmr.obj
e:\adhoc54646\adhoc_project\evalboards\microsoft\windows\os2\visual studio\debug\bsp.obj
e:\adhoc54646\adhoc_project\evalboards\microsoft\windows\os2\visual studio\debug\cpu_bsp.obj
e:\adhoc54646\adhoc_project\evalboards\microsoft\windows\os2\visual studio\debug\init_node.obj
e:\adhoc54646\adhoc_project\evalboards\microsoft\windows\os2\visual studio\debug\list.obj
e:\adhoc54646\adhoc_project\evalboards\microsoft\windows\os2\visual studio\debug\lvds.obj
e:\adhoc54646\adhoc_project\evalboards\microsoft\windows\os2\visual studio\debug\mac_help.obj
e:\adhoc54646\adhoc_project\evalboards\microsoft\windows\os2\visual studio\debug\mac_laye.obj
e:\adhoc54646\adhoc_project\evalboards\microsoft\windows\os2\visual studio\debug\main.obj
e:\adhoc54646\adhoc_project\evalboards\microsoft\windows\os2\visual studio\debug\mem_man.obj
e:\adhoc54646\adhoc_project\evalboards\microsoft\windows\os2\visual studio\debug\mes_queue.obj
e:\adhoc54646\adhoc_project\evalboards\microsoft\windows\os2\visual studio\debug\network.obj
e:\adhoc54646\adhoc_project\evalboards\microsoft\windows\os2\visual studio\debug\packetbuffer.obj
e:\adhoc54646\adhoc_project\evalboards\microsoft\windows\os2\visual studio\debug\routetable.obj
e:\adhoc54646\adhoc_project\evalboards\microsoft\windows\os2\visual studio\debug\send_mes.obj
e:\adhoc54646\adhoc_project\evalboards\microsoft\windows\os2\visual studio\debug\timer.obj
e:\adhoc54646\adhoc_project\evalboards\microsoft\windows\os2\visual studio\debug\app_hooks.obj
e:\adhoc54646\adhoc_project\evalboards\microsoft\windows\os2\visual studio\debug\cpu_core.obj
e:\adhoc54646\adhoc_project\evalboards\microsoft\windows\os2\visual studio\debug\cpu_c.obj
e:\adhoc54646\adhoc_project\evalboards\microsoft\windows\os2\visual studio\debug\lib_ascii.obj
e:\adhoc54646\adhoc_project\evalboards\microsoft\windows\os2\visual studio\debug\lib_math.obj
e:\adhoc54646\adhoc_project\evalboards\microsoft\windows\os2\visual studio\debug\lib_mem.obj
e:\adhoc54646\adhoc_project\evalboards\microsoft\windows\os2\visual studio\debug\lib_str.obj
e:\adhoc54646\adhoc_project\evalboards\microsoft\windows\os2\visual studio\debug\os_cpu_c.obj
e:\adhoc54646\adhoc_project\evalboards\microsoft\windows\os2\visual studio\debug\os_core.obj
e:\adhoc54646\adhoc_project\evalboards\microsoft\windows\os2\visual studio\debug\os_dbg_r.obj
e:\adhoc54646\adhoc_project\evalboards\microsoft\windows\os2\visual studio\debug\os_flag.obj
e:\adhoc54646\adhoc_project\evalboards\microsoft\windows\os2\visual studio\debug\os_mbox.obj
e:\adhoc54646\adhoc_project\evalboards\microsoft\windows\os2\visual studio\debug\os_mem.obj
e:\adhoc54646\adhoc_project\evalboards\microsoft\windows\os2\visual studio\debug\os_mutex.obj
e:\adhoc54646\adhoc_project\evalboards\microsoft\windows\os2\visual studio\debug\os_q.obj
e:\adhoc54646\adhoc_project\evalboards\microsoft\windows\os2\visual studio\debug\log.obj
e:\adhoc54646\adhoc_project\evalboards\microsoft\windows\os2\visual studio\debug\marsosapi.obj
e:\adhoc54646\adhoc_project\evalboards\microsoft\windows\os2\visual studio\debug\publicstorage.obj
e:\adhoc54646\adhoc_project\evalboards\microsoft\windows\os2\visual studio\debug\os2.pdb
e:\adhoc54646\adhoc_project\evalboards\microsoft\windows\os2\visual studio\debug\os2.tlog\cl.command.1.tlog
e:\adhoc54646\adhoc_project\evalboards\microsoft\windows\os2\visual studio\debug\os2.tlog\cl.read.1.tlog
e:\adhoc54646\adhoc_project\evalboards\microsoft\windows\os2\visual studio\debug\os2.tlog\cl.write.1.tlog
e:\adhoc54646\adhoc_project\evalboards\microsoft\windows\os2\visual studio\debug\os2.tlog\link.1968-cvtres.read.1.tlog
e:\adhoc54646\adhoc_project\evalboards\microsoft\windows\os2\visual studio\debug\os2.tlog\link.1968-cvtres.write.1.tlog
e:\adhoc54646\adhoc_project\evalboards\microsoft\windows\os2\visual studio\debug\os2.tlog\link.1968-rc.read.1.tlog
e:\adhoc54646\adhoc_project\evalboards\microsoft\windows\os2\visual studio\debug\os2.tlog\link.1968-rc.write.1.tlog
e:\adhoc54646\adhoc_project\evalboards\microsoft\windows\os2\visual studio\debug\os2.tlog\link.1968.read.1.tlog
e:\adhoc54646\adhoc_project\evalboards\microsoft\windows\os2\visual studio\debug\os2.tlog\link.1968.write.1.tlog
e:\adhoc54646\adhoc_project\evalboards\microsoft\windows\os2\visual studio\debug\os2.tlog\link.command.1.tlog
e:\adhoc54646\adhoc_project\evalboards\microsoft\windows\os2\visual studio\debug\os2.tlog\link.read.1.tlog
e:\adhoc54646\adhoc_project\evalboards\microsoft\windows\os2\visual studio\debug\os2.tlog\link.write.1.tlog
